<?xml version="1.0" encoding="UTF-8"?>
<!-- Generated by org.testng.reporters.JUnitXMLReporter -->
<testsuite ignored="9" hostname="IN3418709W1" failures="0" tests="1" name="Default test" time="108.761" errors="0" timestamp="2025-08-22T14:52:03 IST">
  <testcase classname="TestCases.A_BaseSuiteFile" name="TC10_runASRLanguageTestsFromJSON" time="108.241"/>
  <testcase classname="TestCases.A_BaseSuiteFile" name="TC04_OpenDhruvaPortalAndTestS2SForAllLanguages" time="0.0">
    <ignored/>
  </testcase> <!-- TC04_OpenDhruvaPortalAndTestS2SForAllLanguages -->
  <testcase classname="TestCases.A_BaseSuiteFile" name="TC06_RunTranslationAPIAndCheckResponse" time="0.0">
    <ignored/>
  </testcase> <!-- TC06_RunTranslationAPIAndCheckResponse -->
  <testcase classname="TestCases.A_BaseSuiteFile" name="TC07_RunASRAPIAndCheckResponse" time="0.0">
    <ignored/>
  </testcase> <!-- TC07_RunASRAPIAndCheckResponse -->
  <testcase classname="TestCases.A_BaseSuiteFile" name="TC02_OpenDhruvaPortalAndTestTTSForAllLanguages" time="0.0">
    <ignored/>
  </testcase> <!-- TC02_OpenDhruvaPortalAndTestTTSForAllLanguages -->
  <testcase classname="TestCases.A_BaseSuiteFile" name="TC05_RunTTSAPIAndCheckResponse" time="0.0">
    <ignored/>
  </testcase> <!-- TC05_RunTTSAPIAndCheckResponse -->
  <testcase classname="TestCases.A_BaseSuiteFile" name="TC01_OpenDhruvaPortalAndTestASRForAllLanguages" time="0.0">
    <ignored/>
  </testcase> <!-- TC01_OpenDhruvaPortalAndTestASRForAllLanguages -->
  <testcase classname="TestCases.A_BaseSuiteFile" name="TC08_runTranslationLanguageTestsFromJSON" time="0.0">
    <ignored/>
  </testcase> <!-- TC08_runTranslationLanguageTestsFromJSON -->
  <testcase classname="TestCases.A_BaseSuiteFile" name="TC03_OpenDhruvaPortalAndTestTranslationForAllLanguages" time="0.0">
    <ignored/>
  </testcase> <!-- TC03_OpenDhruvaPortalAndTestTranslationForAllLanguages -->
  <testcase classname="TestCases.A_BaseSuiteFile" name="TC09_runTTSLanguageTestsFromJSON" time="0.0">
    <ignored/>
  </testcase> <!-- TC09_runTTSLanguageTestsFromJSON -->
</testsuite> <!-- Default test -->
